<?xml version="1.0" encoding="UTF-8"?>
<coverage generated="1778749775507" clover="3.2.0">
  <project timestamp="1778749775507" name="All files">
    <metrics statements="132" coveredstatements="131" conditionals="104" coveredconditionals="102" methods="19" coveredmethods="19" elements="255" coveredelements="252" complexity="0" loc="132" ncloc="132" packages="1" files="7" classes="7"/>
    <file name="assign-roles.ts" path="/Users/silicon2_it2/Desktop/ma/APP/mafia-app/server/src/game/domain/assign-roles.ts">
      <metrics statements="10" coveredstatements="10" conditionals="3" coveredconditionals="3" methods="1" coveredmethods="1"/>
      <line num="4" count="3" type="stmt"/>
      <line num="12" count="3" type="stmt"/>
      <line num="16" count="1070" type="stmt"/>
      <line num="17" count="1070" type="cond" truecount="2" falsecount="0"/>
      <line num="18" count="2" type="stmt"/>
      <line num="22" count="1068" type="stmt"/>
      <line num="24" count="1068" type="stmt"/>
      <line num="25" count="7230" type="stmt"/>
      <line num="26" count="7230" type="stmt"/>
      <line num="28" count="1068" type="stmt"/>
    </file>
    <file name="check-win-condition.ts" path="/Users/silicon2_it2/Desktop/ma/APP/mafia-app/server/src/game/domain/check-win-condition.ts">
      <metrics statements="7" coveredstatements="7" conditionals="4" coveredconditionals="4" methods="2" coveredmethods="2"/>
      <line num="3" count="4" type="stmt"/>
      <line num="6" count="47" type="stmt"/>
      <line num="7" count="170" type="stmt"/>
      <line num="9" count="47" type="stmt"/>
      <line num="11" count="47" type="cond" truecount="2" falsecount="0"/>
      <line num="12" count="42" type="cond" truecount="2" falsecount="0"/>
      <line num="13" count="36" type="stmt"/>
    </file>
    <file name="movement-zone.ts" path="/Users/silicon2_it2/Desktop/ma/APP/mafia-app/server/src/game/domain/movement-zone.ts">
      <metrics statements="35" coveredstatements="34" conditionals="41" coveredconditionals="39" methods="7" coveredmethods="7"/>
      <line num="20" count="3" type="stmt"/>
      <line num="21" count="3" type="stmt"/>
      <line num="23" count="3" type="stmt"/>
      <line num="24" count="3" type="stmt"/>
      <line num="25" count="3" type="stmt"/>
      <line num="26" count="3" type="stmt"/>
      <line num="28" count="3" type="stmt"/>
      <line num="29" count="3" type="stmt"/>
      <line num="61" count="3" type="stmt"/>
      <line num="62" count="44" type="stmt"/>
      <line num="63" count="44" type="stmt"/>
      <line num="70" count="34" type="cond" truecount="2" falsecount="0"/>
      <line num="74" count="16" type="cond" truecount="4" falsecount="0"/>
      <line num="78" count="5" type="stmt"/>
      <line num="87" count="4" type="stmt"/>
      <line num="94" count="7" type="cond" truecount="3" falsecount="1"/>
      <line num="96" count="2" type="stmt"/>
      <line num="98" count="3" type="stmt"/>
      <line num="100" count="2" type="stmt"/>
      <line num="102" count="0" type="stmt"/>
      <line num="106" count="3" type="stmt"/>
      <line num="112" count="19" type="cond" truecount="2" falsecount="0"/>
      <line num="118" count="3" type="stmt"/>
      <line num="120" count="16" type="stmt"/>
      <line num="121" count="16" type="cond" truecount="2" falsecount="0"/>
      <line num="122" count="15" type="cond" truecount="2" falsecount="0"/>
      <line num="124" count="14" type="cond" truecount="7" falsecount="0"/>
      <line num="128" count="5" type="cond" truecount="2" falsecount="0"/>
      <line num="133" count="7" type="stmt"/>
      <line num="134" count="7" type="cond" truecount="2" falsecount="0"/>
      <line num="136" count="3" type="stmt"/>
      <line num="139" count="4" type="stmt"/>
      <line num="140" count="4" type="cond" truecount="1" falsecount="1"/>
      <line num="141" count="4" type="cond" truecount="2" falsecount="0"/>
      <line num="149" count="2" type="stmt"/>
    </file>
    <file name="pick-defendant.ts" path="/Users/silicon2_it2/Desktop/ma/APP/mafia-app/server/src/game/domain/pick-defendant.ts">
      <metrics statements="4" coveredstatements="4" conditionals="2" coveredconditionals="2" methods="1" coveredmethods="1"/>
      <line num="7" count="1" type="stmt"/>
      <line num="8" count="5" type="cond" truecount="2" falsecount="0"/>
      <line num="10" count="2" type="stmt"/>
      <line num="12" count="3" type="stmt"/>
    </file>
    <file name="resolve-night-actions.ts" path="/Users/silicon2_it2/Desktop/ma/APP/mafia-app/server/src/game/domain/resolve-night-actions.ts">
      <metrics statements="32" coveredstatements="32" conditionals="26" coveredconditionals="26" methods="4" coveredmethods="4"/>
      <line num="3" count="3" type="stmt"/>
      <line num="6" count="17" type="cond" truecount="2" falsecount="0"/>
      <line num="9" count="17" type="stmt"/>
      <line num="10" count="17" type="stmt"/>
      <line num="12" count="17" type="cond" truecount="4" falsecount="0"/>
      <line num="13" count="6" type="stmt"/>
      <line num="14" count="8" type="stmt"/>
      <line num="16" count="6" type="cond" truecount="2" falsecount="0"/>
      <line num="20" count="1" type="stmt"/>
      <line num="21" count="1" type="stmt"/>
      <line num="27" count="17" type="stmt"/>
      <line num="28" count="17" type="stmt"/>
      <line num="29" count="17" type="cond" truecount="2" falsecount="0"/>
      <line num="30" count="11" type="stmt"/>
      <line num="31" count="11" type="cond" truecount="2" falsecount="0"/>
      <line num="32" count="9" type="stmt"/>
      <line num="34" count="2" type="stmt"/>
      <line num="35" count="2" type="stmt"/>
      <line num="40" count="17" type="stmt"/>
      <line num="41" count="17" type="stmt"/>
      <line num="42" count="17" type="cond" truecount="4" falsecount="0"/>
      <line num="43" count="3" type="stmt"/>
      <line num="44" count="3" type="stmt"/>
      <line num="48" count="17" type="cond" truecount="2" falsecount="0"/>
      <line num="49" count="36" type="cond" truecount="2" falsecount="0"/>
      <line num="53" count="17" type="stmt"/>
      <line num="54" count="17" type="cond" truecount="2" falsecount="0"/>
      <line num="55" count="4" type="stmt"/>
      <line num="56" count="18" type="stmt"/>
      <line num="58" count="4" type="cond" truecount="2" falsecount="0"/>
      <line num="59" count="3" type="stmt"/>
      <line num="67" count="17" type="stmt"/>
    </file>
    <file name="tally-ox-votes.ts" path="/Users/silicon2_it2/Desktop/ma/APP/mafia-app/server/src/game/domain/tally-ox-votes.ts">
      <metrics statements="15" coveredstatements="15" conditionals="8" coveredconditionals="8" methods="1" coveredmethods="1"/>
      <line num="9" count="1" type="stmt"/>
      <line num="10" count="11" type="stmt"/>
      <line num="11" count="11" type="stmt"/>
      <line num="12" count="11" type="stmt"/>
      <line num="14" count="11" type="stmt"/>
      <line num="15" count="11" type="stmt"/>
      <line num="17" count="11" type="stmt"/>
      <line num="18" count="36" type="cond" truecount="2" falsecount="0"/>
      <line num="19" count="35" type="cond" truecount="2" falsecount="0"/>
      <line num="21" count="33" type="cond" truecount="2" falsecount="0"/>
      <line num="22" count="8" type="stmt"/>
      <line num="26" count="11" type="cond" truecount="2" falsecount="0"/>
      <line num="27" count="10" type="stmt"/>
      <line num="30" count="11" type="stmt"/>
      <line num="32" count="11" type="stmt"/>
    </file>
    <file name="tally-votes.ts" path="/Users/silicon2_it2/Desktop/ma/APP/mafia-app/server/src/game/domain/tally-votes.ts">
      <metrics statements="29" coveredstatements="29" conditionals="20" coveredconditionals="20" methods="3" coveredmethods="3"/>
      <line num="8" count="3" type="stmt"/>
      <line num="9" count="50" type="cond" truecount="2" falsecount="0"/>
      <line num="10" count="40" type="stmt"/>
      <line num="12" count="10" type="stmt"/>
      <line num="16" count="40" type="stmt"/>
      <line num="17" count="40" type="stmt"/>
      <line num="19" count="40" type="stmt"/>
      <line num="20" count="30" type="cond" truecount="2" falsecount="0"/>
      <line num="21" count="25" type="cond" truecount="2" falsecount="0"/>
      <line num="22" count="25" type="stmt"/>
      <line num="25" count="40" type="cond" truecount="2" falsecount="0"/>
      <line num="26" count="30" type="stmt"/>
      <line num="29" count="10" type="stmt"/>
      <line num="30" count="10" type="stmt"/>
      <line num="31" count="10" type="stmt"/>
      <line num="32" count="15" type="cond" truecount="2" falsecount="0"/>
      <line num="33" count="10" type="stmt"/>
      <line num="34" count="10" type="stmt"/>
      <line num="35" count="5" type="cond" truecount="2" falsecount="0"/>
      <line num="36" count="4" type="stmt"/>
      <line num="40" count="10" type="cond" truecount="2" falsecount="0"/>
      <line num="41" count="3" type="stmt"/>
      <line num="44" count="7" type="stmt"/>
      <line num="58" count="10" type="stmt"/>
      <line num="59" count="10" type="stmt"/>
      <line num="60" count="37" type="cond" truecount="2" falsecount="0"/>
      <line num="61" count="36" type="cond" truecount="2" falsecount="0"/>
      <line num="65" count="10" type="stmt"/>
      <line num="66" count="10" type="stmt"/>
    </file>
  </project>
</coverage>
