{"/Users/silicon2_it2/Desktop/ma/APP/mafia-app/server/src/game/domain/assign-roles.ts": {"path":"/Users/silicon2_it2/Desktop/ma/APP/mafia-app/server/src/game/domain/assign-roles.ts","statementMap":{"0":{"start":{"line":12,"column":0},"end":{"line":12,"column":16}},"1":{"start":{"line":4,"column":54},"end":{"line":10,"column":2}},"2":{"start":{"line":16,"column":15},"end":{"line":16,"column":40}},"3":{"start":{"line":17,"column":2},"end":{"line":21,"column":3}},"4":{"start":{"line":18,"column":4},"end":{"line":20,"column":6}},"5":{"start":{"line":22,"column":22},"end":{"line":22,"column":31}},"6":{"start":{"line":24,"column":2},"end":{"line":27,"column":3}},"7":{"start":{"line":24,"column":15},"end":{"line":24,"column":29}},"8":{"start":{"line":25,"column":14},"end":{"line":25,"column":41}},"9":{"start":{"line":26,"column":4},"end":{"line":26,"column":40}},"10":{"start":{"line":28,"column":2},"end":{"line":28,"column":13}}},"fnMap":{"0":{"name":"assignRoles","decl":{"start":{"line":12,"column":16},"end":{"line":12,"column":27}},"loc":{"start":{"line":14,"column":33},"end":{"line":29,"column":1}}}},"branchMap":{"0":{"loc":{"start":{"line":14,"column":2},"end":{"line":14,"column":33}},"type":"default-arg","locations":[{"start":{"line":14,"column":22},"end":{"line":14,"column":33}}]},"1":{"loc":{"start":{"line":17,"column":2},"end":{"line":21,"column":3}},"type":"if","locations":[{"start":{"line":17,"column":2},"end":{"line":21,"column":3}},{"start":{},"end":{}}]}},"s":{"0":3,"1":3,"2":1070,"3":1070,"4":2,"5":1068,"6":1068,"7":1068,"8":7230,"9":7230,"10":1068},"f":{"0":1070},"b":{"0":[1002],"1":[2,1068]}}
,"/Users/silicon2_it2/Desktop/ma/APP/mafia-app/server/src/game/domain/check-win-condition.ts": {"path":"/Users/silicon2_it2/Desktop/ma/APP/mafia-app/server/src/game/domain/check-win-condition.ts","statementMap":{"0":{"start":{"line":3,"column":0},"end":{"line":3,"column":16}},"1":{"start":{"line":6,"column":21},"end":{"line":8,"column":10}},"2":{"start":{"line":7,"column":11},"end":{"line":7,"column":29}},"3":{"start":{"line":9,"column":23},"end":{"line":9,"column":61}},"4":{"start":{"line":11,"column":2},"end":{"line":11,"column":41}},"5":{"start":{"line":11,"column":24},"end":{"line":11,"column":41}},"6":{"start":{"line":12,"column":2},"end":{"line":12,"column":49}},"7":{"start":{"line":12,"column":34},"end":{"line":12,"column":49}},"8":{"start":{"line":13,"column":2},"end":{"line":13,"column":14}}},"fnMap":{"0":{"name":"checkWinCondition","decl":{"start":{"line":3,"column":16},"end":{"line":3,"column":33}},"loc":{"start":{"line":5,"column":1},"end":{"line":14,"column":1}}},"1":{"name":"(anonymous_1)","decl":{"start":{"line":7,"column":4},"end":{"line":7,"column":5}},"loc":{"start":{"line":7,"column":11},"end":{"line":7,"column":29}}}},"branchMap":{"0":{"loc":{"start":{"line":11,"column":2},"end":{"line":11,"column":41}},"type":"if","locations":[{"start":{"line":11,"column":2},"end":{"line":11,"column":41}},{"start":{},"end":{}}]},"1":{"loc":{"start":{"line":12,"column":2},"end":{"line":12,"column":49}},"type":"if","locations":[{"start":{"line":12,"column":2},"end":{"line":12,"column":49}},{"start":{},"end":{}}]}},"s":{"0":4,"1":47,"2":170,"3":47,"4":47,"5":5,"6":42,"7":6,"8":36},"f":{"0":47,"1":170},"b":{"0":[5,42],"1":[6,36]}}
,"/Users/silicon2_it2/Desktop/ma/APP/mafia-app/server/src/game/domain/movement-zone.ts": {"path":"/Users/silicon2_it2/Desktop/ma/APP/mafia-app/server/src/game/domain/movement-zone.ts","statementMap":{"0":{"start":{"line":61,"column":0},"end":{"line":61,"column":16}},"1":{"start":{"line":106,"column":0},"end":{"line":106,"column":16}},"2":{"start":{"line":20,"column":13},"end":{"line":20,"column":30}},"3":{"start":{"line":21,"column":13},"end":{"line":21,"column":43}},"4":{"start":{"line":23,"column":13},"end":{"line":23,"column":29}},"5":{"start":{"line":24,"column":13},"end":{"line":24,"column":28}},"6":{"start":{"line":25,"column":13},"end":{"line":25,"column":31}},"7":{"start":{"line":26,"column":13},"end":{"line":26,"column":32}},"8":{"start":{"line":28,"column":13},"end":{"line":28,"column":36}},"9":{"start":{"line":29,"column":13},"end":{"line":29,"column":35}},"10":{"start":{"line":62,"column":16},"end":{"line":62,"column":56}},"11":{"start":{"line":63,"column":2},"end":{"line":66,"column":4}},"12":{"start":{"line":70,"column":2},"end":{"line":70,"column":53}},"13":{"start":{"line":74,"column":2},"end":{"line":74,"column":72}},"14":{"start":{"line":78,"column":2},"end":{"line":83,"column":4}},"15":{"start":{"line":87,"column":2},"end":{"line":90,"column":4}},"16":{"start":{"line":94,"column":2},"end":{"line":103,"column":3}},"17":{"start":{"line":96,"column":6},"end":{"line":96,"column":22}},"18":{"start":{"line":98,"column":6},"end":{"line":98,"column":21}},"19":{"start":{"line":100,"column":6},"end":{"line":100,"column":22}},"20":{"start":{"line":102,"column":6},"end":{"line":102,"column":18}},"21":{"start":{"line":112,"column":2},"end":{"line":119,"column":3}},"22":{"start":{"line":118,"column":4},"end":{"line":118,"column":49}},"23":{"start":{"line":120,"column":14},"end":{"line":120,"column":34}},"24":{"start":{"line":121,"column":2},"end":{"line":121,"column":66}},"25":{"start":{"line":121,"column":21},"end":{"line":121,"column":66}},"26":{"start":{"line":122,"column":2},"end":{"line":122,"column":59}},"27":{"start":{"line":122,"column":23},"end":{"line":122,"column":59}},"28":{"start":{"line":124,"column":2},"end":{"line":150,"column":3}},"29":{"start":{"line":128,"column":6},"end":{"line":128,"column":79}},"30":{"start":{"line":133,"column":24},"end":{"line":133,"column":49}},"31":{"start":{"line":134,"column":6},"end":{"line":137,"column":7}},"32":{"start":{"line":136,"column":8},"end":{"line":136,"column":28}},"33":{"start":{"line":139,"column":22},"end":{"line":139,"column":57}},"34":{"start":{"line":140,"column":6},"end":{"line":140,"column":63}},"35":{"start":{"line":140,"column":20},"end":{"line":140,"column":63}},"36":{"start":{"line":141,"column":6},"end":{"line":143,"column":46}},"37":{"start":{"line":149,"column":6},"end":{"line":149,"column":49}}},"fnMap":{"0":{"name":"houseSlotCenter","decl":{"start":{"line":61,"column":16},"end":{"line":61,"column":31}},"loc":{"start":{"line":61,"column":49},"end":{"line":67,"column":1}}},"1":{"name":"isFiniteNumber","decl":{"start":{"line":69,"column":9},"end":{"line":69,"column":23}},"loc":{"start":{"line":69,"column":34},"end":{"line":71,"column":1}}},"2":{"name":"inWorld","decl":{"start":{"line":73,"column":9},"end":{"line":73,"column":16}},"loc":{"start":{"line":73,"column":28},"end":{"line":75,"column":1}}},"3":{"name":"inPlaza","decl":{"start":{"line":77,"column":9},"end":{"line":77,"column":16}},"loc":{"start":{"line":77,"column":28},"end":{"line":84,"column":1}}},"4":{"name":"inHouseBox","decl":{"start":{"line":86,"column":9},"end":{"line":86,"column":19}},"loc":{"start":{"line":86,"column":49},"end":{"line":91,"column":1}}},"5":{"name":"nightActorRole","decl":{"start":{"line":93,"column":9},"end":{"line":93,"column":23}},"loc":{"start":{"line":93,"column":36},"end":{"line":104,"column":1}}},"6":{"name":"validateMovement","decl":{"start":{"line":106,"column":16},"end":{"line":106,"column":32}},"loc":{"start":{"line":109,"column":22},"end":{"line":151,"column":1}}}},"branchMap":{"0":{"loc":{"start":{"line":70,"column":9},"end":{"line":70,"column":52}},"type":"binary-expr","locations":[{"start":{"line":70,"column":9},"end":{"line":70,"column":30}},{"start":{"line":70,"column":34},"end":{"line":70,"column":52}}]},"1":{"loc":{"start":{"line":74,"column":9},"end":{"line":74,"column":71}},"type":"binary-expr","locations":[{"start":{"line":74,"column":9},"end":{"line":74,"column":17}},{"start":{"line":74,"column":21},"end":{"line":74,"column":38}},{"start":{"line":74,"column":42},"end":{"line":74,"column":50}},{"start":{"line":74,"column":54},"end":{"line":74,"column":71}}]},"2":{"loc":{"start":{"line":79,"column":4},"end":{"line":82,"column":23}},"type":"binary-expr","locations":[{"start":{"line":79,"column":4},"end":{"line":79,"column":21}},{"start":{"line":80,"column":4},"end":{"line":80,"column":22}},{"start":{"line":81,"column":4},"end":{"line":81,"column":20}},{"start":{"line":82,"column":4},"end":{"line":82,"column":23}}]},"3":{"loc":{"start":{"line":88,"column":4},"end":{"line":89,"column":48}},"type":"binary-expr","locations":[{"start":{"line":88,"column":4},"end":{"line":88,"column":48}},{"start":{"line":89,"column":4},"end":{"line":89,"column":48}}]},"4":{"loc":{"start":{"line":94,"column":2},"end":{"line":103,"column":3}},"type":"switch","locations":[{"start":{"line":95,"column":4},"end":{"line":96,"column":22}},{"start":{"line":97,"column":4},"end":{"line":98,"column":21}},{"start":{"line":99,"column":4},"end":{"line":100,"column":22}},{"start":{"line":101,"column":4},"end":{"line":102,"column":18}}]},"5":{"loc":{"start":{"line":112,"column":2},"end":{"line":119,"column":3}},"type":"if","locations":[{"start":{"line":112,"column":2},"end":{"line":119,"column":3}},{"start":{},"end":{}}]},"6":{"loc":{"start":{"line":113,"column":4},"end":{"line":116,"column":45}},"type":"binary-expr","locations":[{"start":{"line":113,"column":4},"end":{"line":113,"column":13}},{"start":{"line":114,"column":4},"end":{"line":114,"column":32}},{"start":{"line":115,"column":4},"end":{"line":115,"column":45}},{"start":{"line":116,"column":4},"end":{"line":116,"column":45}}]},"7":{"loc":{"start":{"line":121,"column":2},"end":{"line":121,"column":66}},"type":"if","locations":[{"start":{"line":121,"column":2},"end":{"line":121,"column":66}},{"start":{},"end":{}}]},"8":{"loc":{"start":{"line":122,"column":2},"end":{"line":122,"column":59}},"type":"if","locations":[{"start":{"line":122,"column":2},"end":{"line":122,"column":59}},{"start":{},"end":{}}]},"9":{"loc":{"start":{"line":124,"column":2},"end":{"line":150,"column":3}},"type":"switch","locations":[{"start":{"line":125,"column":4},"end":{"line":125,"column":26}},{"start":{"line":126,"column":4},"end":{"line":126,"column":23}},{"start":{"line":127,"column":4},"end":{"line":128,"column":79}},{"start":{"line":130,"column":4},"end":{"line":130,"column":24}},{"start":{"line":131,"column":4},"end":{"line":131,"column":23}},{"start":{"line":132,"column":4},"end":{"line":144,"column":5}},{"start":{"line":146,"column":4},"end":{"line":149,"column":49}}]},"10":{"loc":{"start":{"line":128,"column":13},"end":{"line":128,"column":78}},"type":"cond-expr","locations":[{"start":{"line":128,"column":28},"end":{"line":128,"column":40}},{"start":{"line":128,"column":43},"end":{"line":128,"column":78}}]},"11":{"loc":{"start":{"line":134,"column":6},"end":{"line":137,"column":7}},"type":"if","locations":[{"start":{"line":134,"column":6},"end":{"line":137,"column":7}},{"start":{},"end":{}}]},"12":{"loc":{"start":{"line":140,"column":6},"end":{"line":140,"column":63}},"type":"if","locations":[{"start":{"line":140,"column":6},"end":{"line":140,"column":63}},{"start":{},"end":{}}]},"13":{"loc":{"start":{"line":141,"column":13},"end":{"line":143,"column":45}},"type":"cond-expr","locations":[{"start":{"line":142,"column":10},"end":{"line":142,"column":22}},{"start":{"line":143,"column":10},"end":{"line":143,"column":45}}]}},"s":{"0":3,"1":3,"2":3,"3":3,"4":3,"5":3,"6":3,"7":3,"8":3,"9":3,"10":44,"11":44,"12":34,"13":16,"14":5,"15":4,"16":7,"17":2,"18":3,"19":2,"20":0,"21":19,"22":3,"23":16,"24":16,"25":1,"26":15,"27":1,"28":14,"29":5,"30":7,"31":7,"32":3,"33":4,"34":4,"35":0,"36":4,"37":2},"f":{"0":44,"1":34,"2":16,"3":5,"4":4,"5":7,"6":19},"b":{"0":[34,33],"1":[16,15,15,15],"2":[5,3,3,3],"3":[4,2],"4":[2,3,2,0],"5":[3,16],"6":[19,19,18,16],"7":[1,15],"8":[1,14],"9":[3,4,5,2,5,7,2],"10":[3,2],"11":[3,4],"12":[0,4],"13":[1,3]}}
,"/Users/silicon2_it2/Desktop/ma/APP/mafia-app/server/src/game/domain/pick-defendant.ts": {"path":"/Users/silicon2_it2/Desktop/ma/APP/mafia-app/server/src/game/domain/pick-defendant.ts","statementMap":{"0":{"start":{"line":7,"column":0},"end":{"line":7,"column":16}},"1":{"start":{"line":8,"column":2},"end":{"line":11,"column":3}},"2":{"start":{"line":10,"column":4},"end":{"line":10,"column":16}},"3":{"start":{"line":12,"column":2},"end":{"line":12,"column":38}}},"fnMap":{"0":{"name":"pickDefendant","decl":{"start":{"line":7,"column":16},"end":{"line":7,"column":29}},"loc":{"start":{"line":7,"column":54},"end":{"line":13,"column":1}}}},"branchMap":{"0":{"loc":{"start":{"line":8,"column":2},"end":{"line":11,"column":3}},"type":"if","locations":[{"start":{"line":8,"column":2},"end":{"line":11,"column":3}},{"start":{},"end":{}}]}},"s":{"0":1,"1":5,"2":2,"3":3},"f":{"0":5},"b":{"0":[2,3]}}
,"/Users/silicon2_it2/Desktop/ma/APP/mafia-app/server/src/game/domain/resolve-night-actions.ts": {"path":"/Users/silicon2_it2/Desktop/ma/APP/mafia-app/server/src/game/domain/resolve-night-actions.ts","statementMap":{"0":{"start":{"line":3,"column":0},"end":{"line":3,"column":16}},"1":{"start":{"line":6,"column":14},"end":{"line":6,"column":38}},"2":{"start":{"line":9,"column":32},"end":{"line":9,"column":37}},"3":{"start":{"line":10,"column":30},"end":{"line":10,"column":55}},"4":{"start":{"line":12,"column":2},"end":{"line":23,"column":3}},"5":{"start":{"line":13,"column":27},"end":{"line":15,"column":14}},"6":{"start":{"line":14,"column":13},"end":{"line":14,"column":49}},"7":{"start":{"line":16,"column":4},"end":{"line":22,"column":5}},"8":{"start":{"line":20,"column":6},"end":{"line":20,"column":37}},"9":{"start":{"line":21,"column":6},"end":{"line":21,"column":35}},"10":{"start":{"line":27,"column":26},"end":{"line":27,"column":59}},"11":{"start":{"line":28,"column":40},"end":{"line":28,"column":44}},"12":{"start":{"line":29,"column":2},"end":{"line":37,"column":3}},"13":{"start":{"line":30,"column":19},"end":{"line":30,"column":55}},"14":{"start":{"line":31,"column":4},"end":{"line":36,"column":5}},"15":{"start":{"line":32,"column":6},"end":{"line":32,"column":35}},"16":{"start":{"line":34,"column":24},"end":{"line":34,"column":66}},"17":{"start":{"line":35,"column":6},"end":{"line":35,"column":52}},"18":{"start":{"line":40,"column":26},"end":{"line":40,"column":31}},"19":{"start":{"line":41,"column":37},"end":{"line":41,"column":53}},"20":{"start":{"line":42,"column":2},"end":{"line":45,"column":3}},"21":{"start":{"line":43,"column":4},"end":{"line":43,"column":29}},"22":{"start":{"line":44,"column":4},"end":{"line":44,"column":25}},"23":{"start":{"line":48,"column":23},"end":{"line":50,"column":10}},"24":{"start":{"line":49,"column":33},"end":{"line":49,"column":60}},"25":{"start":{"line":53,"column":54},"end":{"line":53,"column":58}},"26":{"start":{"line":54,"column":2},"end":{"line":65,"column":3}},"27":{"start":{"line":55,"column":19},"end":{"line":56,"column":null}},"28":{"start":{"line":56,"column":13},"end":{"line":56,"column":52}},"29":{"start":{"line":58,"column":4},"end":{"line":64,"column":5}},"30":{"start":{"line":59,"column":6},"end":{"line":63,"column":8}},"31":{"start":{"line":67,"column":2},"end":{"line":73,"column":4}}},"fnMap":{"0":{"name":"resolveNightActions","decl":{"start":{"line":3,"column":16},"end":{"line":3,"column":35}},"loc":{"start":{"line":4,"column":26},"end":{"line":74,"column":1}}},"1":{"name":"(anonymous_1)","decl":{"start":{"line":14,"column":6},"end":{"line":14,"column":7}},"loc":{"start":{"line":14,"column":13},"end":{"line":14,"column":49}}},"2":{"name":"(anonymous_2)","decl":{"start":{"line":49,"column":26},"end":{"line":49,"column":27}},"loc":{"start":{"line":49,"column":33},"end":{"line":49,"column":60}}},"3":{"name":"(anonymous_3)","decl":{"start":{"line":56,"column":6},"end":{"line":56,"column":7}},"loc":{"start":{"line":56,"column":13},"end":{"line":56,"column":52}}}},"branchMap":{"0":{"loc":{"start":{"line":6,"column":14},"end":{"line":6,"column":38}},"type":"binary-expr","locations":[{"start":{"line":6,"column":14},"end":{"line":6,"column":23}},{"start":{"line":6,"column":27},"end":{"line":6,"column":38}}]},"1":{"loc":{"start":{"line":12,"column":2},"end":{"line":23,"column":3}},"type":"if","locations":[{"start":{"line":12,"column":2},"end":{"line":23,"column":3}},{"start":{},"end":{}}]},"2":{"loc":{"start":{"line":12,"column":6},"end":{"line":12,"column":58}},"type":"binary-expr","locations":[{"start":{"line":12,"column":6},"end":{"line":12,"column":29}},{"start":{"line":12,"column":33},"end":{"line":12,"column":58}}]},"3":{"loc":{"start":{"line":16,"column":4},"end":{"line":22,"column":5}},"type":"if","locations":[{"start":{"line":16,"column":4},"end":{"line":22,"column":5}},{"start":{},"end":{}}]},"4":{"loc":{"start":{"line":17,"column":6},"end":{"line":18,"column":28}},"type":"binary-expr","locations":[{"start":{"line":17,"column":6},"end":{"line":17,"column":50}},{"start":{"line":18,"column":6},"end":{"line":18,"column":28}}]},"5":{"loc":{"start":{"line":29,"column":2},"end":{"line":37,"column":3}},"type":"if","locations":[{"start":{"line":29,"column":2},"end":{"line":37,"column":3}},{"start":{},"end":{}}]},"6":{"loc":{"start":{"line":31,"column":4},"end":{"line":36,"column":5}},"type":"if","locations":[{"start":{"line":31,"column":4},"end":{"line":36,"column":5}},{"start":{"line":33,"column":11},"end":{"line":36,"column":5}}]},"7":{"loc":{"start":{"line":42,"column":2},"end":{"line":45,"column":3}},"type":"if","locations":[{"start":{"line":42,"column":2},"end":{"line":45,"column":3}},{"start":{},"end":{}}]},"8":{"loc":{"start":{"line":42,"column":6},"end":{"line":42,"column":68}},"type":"binary-expr","locations":[{"start":{"line":42,"column":6},"end":{"line":42,"column":22}},{"start":{"line":42,"column":26},"end":{"line":42,"column":68}}]},"9":{"loc":{"start":{"line":48,"column":23},"end":{"line":50,"column":10}},"type":"cond-expr","locations":[{"start":{"line":49,"column":7},"end":{"line":49,"column":77}},{"start":{"line":50,"column":6},"end":{"line":50,"column":10}}]},"10":{"loc":{"start":{"line":49,"column":7},"end":{"line":49,"column":77}},"type":"binary-expr","locations":[{"start":{"line":49,"column":7},"end":{"line":49,"column":69}},{"start":{"line":49,"column":73},"end":{"line":49,"column":77}}]},"11":{"loc":{"start":{"line":54,"column":2},"end":{"line":65,"column":3}},"type":"if","locations":[{"start":{"line":54,"column":2},"end":{"line":65,"column":3}},{"start":{},"end":{}}]},"12":{"loc":{"start":{"line":58,"column":4},"end":{"line":64,"column":5}},"type":"if","locations":[{"start":{"line":58,"column":4},"end":{"line":64,"column":5}},{"start":{},"end":{}}]}},"s":{"0":3,"1":17,"2":17,"3":17,"4":17,"5":6,"6":8,"7":6,"8":1,"9":1,"10":17,"11":17,"12":17,"13":11,"14":11,"15":9,"16":2,"17":2,"18":17,"19":17,"20":17,"21":3,"22":3,"23":17,"24":36,"25":17,"26":17,"27":4,"28":18,"29":4,"30":3,"31":17},"f":{"0":17,"1":8,"2":36,"3":18},"b":{"0":[17,11],"1":[6,11],"2":[17,8],"3":[1,5],"4":[6,2],"5":[11,6],"6":[9,2],"7":[3,14],"8":[17,11],"9":[8,9],"10":[8,1],"11":[4,13],"12":[3,1]}}
,"/Users/silicon2_it2/Desktop/ma/APP/mafia-app/server/src/game/domain/tally-ox-votes.ts": {"path":"/Users/silicon2_it2/Desktop/ma/APP/mafia-app/server/src/game/domain/tally-ox-votes.ts","statementMap":{"0":{"start":{"line":9,"column":0},"end":{"line":9,"column":16}},"1":{"start":{"line":10,"column":48},"end":{"line":10,"column":53}},"2":{"start":{"line":11,"column":19},"end":{"line":11,"column":40}},"3":{"start":{"line":12,"column":21},"end":{"line":12,"column":40}},"4":{"start":{"line":14,"column":15},"end":{"line":14,"column":16}},"5":{"start":{"line":15,"column":15},"end":{"line":15,"column":16}},"6":{"start":{"line":17,"column":2},"end":{"line":23,"column":3}},"7":{"start":{"line":18,"column":4},"end":{"line":18,"column":40}},"8":{"start":{"line":18,"column":31},"end":{"line":18,"column":40}},"9":{"start":{"line":19,"column":4},"end":{"line":19,"column":45}},"10":{"start":{"line":19,"column":36},"end":{"line":19,"column":45}},"11":{"start":{"line":21,"column":4},"end":{"line":22,"column":18}},"12":{"start":{"line":21,"column":22},"end":{"line":21,"column":31}},"13":{"start":{"line":22,"column":9},"end":{"line":22,"column":18}},"14":{"start":{"line":26,"column":2},"end":{"line":28,"column":3}},"15":{"start":{"line":27,"column":4},"end":{"line":27,"column":13}},"16":{"start":{"line":30,"column":19},"end":{"line":30,"column":42}},"17":{"start":{"line":32,"column":2},"end":{"line":32,"column":38}}},"fnMap":{"0":{"name":"tallyOxVotes","decl":{"start":{"line":9,"column":16},"end":{"line":9,"column":28}},"loc":{"start":{"line":9,"column":48},"end":{"line":33,"column":1}}}},"branchMap":{"0":{"loc":{"start":{"line":18,"column":4},"end":{"line":18,"column":40}},"type":"if","locations":[{"start":{"line":18,"column":4},"end":{"line":18,"column":40}},{"start":{},"end":{}}]},"1":{"loc":{"start":{"line":19,"column":4},"end":{"line":19,"column":45}},"type":"if","locations":[{"start":{"line":19,"column":4},"end":{"line":19,"column":45}},{"start":{},"end":{}}]},"2":{"loc":{"start":{"line":21,"column":4},"end":{"line":22,"column":18}},"type":"if","locations":[{"start":{"line":21,"column":4},"end":{"line":22,"column":18}},{"start":{"line":22,"column":9},"end":{"line":22,"column":18}}]},"3":{"loc":{"start":{"line":26,"column":2},"end":{"line":28,"column":3}},"type":"if","locations":[{"start":{"line":26,"column":2},"end":{"line":28,"column":3}},{"start":{},"end":{}}]}},"s":{"0":1,"1":11,"2":11,"3":11,"4":11,"5":11,"6":11,"7":36,"8":1,"9":35,"10":2,"11":33,"12":25,"13":8,"14":11,"15":10,"16":11,"17":11},"f":{"0":11},"b":{"0":[1,35],"1":[2,33],"2":[25,8],"3":[10,1]}}
,"/Users/silicon2_it2/Desktop/ma/APP/mafia-app/server/src/game/domain/tally-votes.ts": {"path":"/Users/silicon2_it2/Desktop/ma/APP/mafia-app/server/src/game/domain/tally-votes.ts","statementMap":{"0":{"start":{"line":8,"column":0},"end":{"line":8,"column":16}},"1":{"start":{"line":9,"column":2},"end":{"line":11,"column":3}},"2":{"start":{"line":10,"column":4},"end":{"line":10,"column":36}},"3":{"start":{"line":12,"column":2},"end":{"line":12,"column":81}},"4":{"start":{"line":16,"column":17},"end":{"line":16,"column":42}},"5":{"start":{"line":17,"column":19},"end":{"line":17,"column":20}},"6":{"start":{"line":19,"column":2},"end":{"line":23,"column":3}},"7":{"start":{"line":20,"column":4},"end":{"line":20,"column":42}},"8":{"start":{"line":20,"column":33},"end":{"line":20,"column":42}},"9":{"start":{"line":21,"column":4},"end":{"line":21,"column":70}},"10":{"start":{"line":22,"column":4},"end":{"line":22,"column":17}},"11":{"start":{"line":25,"column":2},"end":{"line":27,"column":3}},"12":{"start":{"line":26,"column":4},"end":{"line":26,"column":74}},"13":{"start":{"line":29,"column":12},"end":{"line":29,"column":13}},"14":{"start":{"line":30,"column":29},"end":{"line":30,"column":31}},"15":{"start":{"line":31,"column":2},"end":{"line":38,"column":3}},"16":{"start":{"line":32,"column":4},"end":{"line":37,"column":5}},"17":{"start":{"line":33,"column":6},"end":{"line":33,"column":18}},"18":{"start":{"line":34,"column":6},"end":{"line":34,"column":28}},"19":{"start":{"line":35,"column":11},"end":{"line":37,"column":5}},"20":{"start":{"line":36,"column":6},"end":{"line":36,"column":30}},"21":{"start":{"line":40,"column":2},"end":{"line":42,"column":3}},"22":{"start":{"line":41,"column":4},"end":{"line":41,"column":69}},"23":{"start":{"line":44,"column":2},"end":{"line":48,"column":4}},"24":{"start":{"line":58,"column":17},"end":{"line":58,"column":18}},"25":{"start":{"line":59,"column":2},"end":{"line":62,"column":3}},"26":{"start":{"line":60,"column":4},"end":{"line":60,"column":52}},"27":{"start":{"line":60,"column":43},"end":{"line":60,"column":52}},"28":{"start":{"line":61,"column":4},"end":{"line":61,"column":39}},"29":{"start":{"line":61,"column":28},"end":{"line":61,"column":39}},"30":{"start":{"line":65,"column":19},"end":{"line":65,"column":49}},"31":{"start":{"line":66,"column":2},"end":{"line":70,"column":4}}},"fnMap":{"0":{"name":"tallyVotes","decl":{"start":{"line":8,"column":16},"end":{"line":8,"column":26}},"loc":{"start":{"line":8,"column":44},"end":{"line":13,"column":1}}},"1":{"name":"tallySelect","decl":{"start":{"line":15,"column":9},"end":{"line":15,"column":20}},"loc":{"start":{"line":15,"column":40},"end":{"line":49,"column":1}}},"2":{"name":"tallyConfirm","decl":{"start":{"line":51,"column":9},"end":{"line":51,"column":21}},"loc":{"start":{"line":54,"column":25},"end":{"line":71,"column":1}}}},"branchMap":{"0":{"loc":{"start":{"line":9,"column":2},"end":{"line":11,"column":3}},"type":"if","locations":[{"start":{"line":9,"column":2},"end":{"line":11,"column":3}},{"start":{},"end":{}}]},"1":{"loc":{"start":{"line":20,"column":4},"end":{"line":20,"column":42}},"type":"if","locations":[{"start":{"line":20,"column":4},"end":{"line":20,"column":42}},{"start":{},"end":{}}]},"2":{"loc":{"start":{"line":21,"column":32},"end":{"line":21,"column":63}},"type":"binary-expr","locations":[{"start":{"line":21,"column":32},"end":{"line":21,"column":58}},{"start":{"line":21,"column":62},"end":{"line":21,"column":63}}]},"3":{"loc":{"start":{"line":25,"column":2},"end":{"line":27,"column":3}},"type":"if","locations":[{"start":{"line":25,"column":2},"end":{"line":27,"column":3}},{"start":{},"end":{}}]},"4":{"loc":{"start":{"line":32,"column":4},"end":{"line":37,"column":5}},"type":"if","locations":[{"start":{"line":32,"column":4},"end":{"line":37,"column":5}},{"start":{"line":35,"column":11},"end":{"line":37,"column":5}}]},"5":{"loc":{"start":{"line":35,"column":11},"end":{"line":37,"column":5}},"type":"if","locations":[{"start":{"line":35,"column":11},"end":{"line":37,"column":5}},{"start":{},"end":{}}]},"6":{"loc":{"start":{"line":40,"column":2},"end":{"line":42,"column":3}},"type":"if","locations":[{"start":{"line":40,"column":2},"end":{"line":42,"column":3}},{"start":{},"end":{}}]},"7":{"loc":{"start":{"line":60,"column":4},"end":{"line":60,"column":52}},"type":"if","locations":[{"start":{"line":60,"column":4},"end":{"line":60,"column":52}},{"start":{},"end":{}}]},"8":{"loc":{"start":{"line":61,"column":4},"end":{"line":61,"column":39}},"type":"if","locations":[{"start":{"line":61,"column":4},"end":{"line":61,"column":39}},{"start":{},"end":{}}]},"9":{"loc":{"start":{"line":69,"column":12},"end":{"line":69,"column":49}},"type":"cond-expr","locations":[{"start":{"line":69,"column":23},"end":{"line":69,"column":33}},{"start":{"line":69,"column":36},"end":{"line":69,"column":49}}]}},"s":{"0":3,"1":50,"2":40,"3":10,"4":40,"5":40,"6":40,"7":30,"8":5,"9":25,"10":25,"11":40,"12":30,"13":10,"14":10,"15":10,"16":15,"17":10,"18":10,"19":5,"20":4,"21":10,"22":3,"23":7,"24":10,"25":10,"26":37,"27":1,"28":36,"29":21,"30":10,"31":10},"f":{"0":50,"1":40,"2":10},"b":{"0":[40,10],"1":[5,25],"2":[25,15],"3":[30,10],"4":[10,5],"5":[4,1],"6":[3,7],"7":[1,36],"8":[21,15],"9":[4,6]}}
}
