TN:
SF:src/game/domain/assign-roles.ts
FN:12,assignRoles
FNF:1
FNH:1
FNDA:1070,assignRoles
DA:4,3
DA:12,3
DA:16,1070
DA:17,1070
DA:18,2
DA:22,1068
DA:24,1068
DA:25,7230
DA:26,7230
DA:28,1068
LF:10
LH:10
BRDA:14,0,0,1002
BRDA:17,1,0,2
BRDA:17,1,1,1068
BRF:3
BRH:3
end_of_record
TN:
SF:src/game/domain/check-win-condition.ts
FN:3,checkWinCondition
FN:7,(anonymous_1)
FNF:2
FNH:2
FNDA:47,checkWinCondition
FNDA:170,(anonymous_1)
DA:3,4
DA:6,47
DA:7,170
DA:9,47
DA:11,47
DA:12,42
DA:13,36
LF:7
LH:7
BRDA:11,0,0,5
BRDA:11,0,1,42
BRDA:12,1,0,6
BRDA:12,1,1,36
BRF:4
BRH:4
end_of_record
TN:
SF:src/game/domain/movement-zone.ts
FN:61,houseSlotCenter
FN:69,isFiniteNumber
FN:73,inWorld
FN:77,inPlaza
FN:86,inHouseBox
FN:93,nightActorRole
FN:106,validateMovement
FNF:7
FNH:7
FNDA:44,houseSlotCenter
FNDA:34,isFiniteNumber
FNDA:16,inWorld
FNDA:5,inPlaza
FNDA:4,inHouseBox
FNDA:7,nightActorRole
FNDA:19,validateMovement
DA:20,3
DA:21,3
DA:23,3
DA:24,3
DA:25,3
DA:26,3
DA:28,3
DA:29,3
DA:61,3
DA:62,44
DA:63,44
DA:70,34
DA:74,16
DA:78,5
DA:87,4
DA:94,7
DA:96,2
DA:98,3
DA:100,2
DA:102,0
DA:106,3
DA:112,19
DA:118,3
DA:120,16
DA:121,16
DA:122,15
DA:124,14
DA:128,5
DA:133,7
DA:134,7
DA:136,3
DA:139,4
DA:140,4
DA:141,4
DA:149,2
LF:35
LH:34
BRDA:70,0,0,34
BRDA:70,0,1,33
BRDA:74,1,0,16
BRDA:74,1,1,15
BRDA:74,1,2,15
BRDA:74,1,3,15
BRDA:79,2,0,5
BRDA:79,2,1,3
BRDA:79,2,2,3
BRDA:79,2,3,3
BRDA:88,3,0,4
BRDA:88,3,1,2
BRDA:94,4,0,2
BRDA:94,4,1,3
BRDA:94,4,2,2
BRDA:94,4,3,0
BRDA:112,5,0,3
BRDA:112,5,1,16
BRDA:113,6,0,19
BRDA:113,6,1,19
BRDA:113,6,2,18
BRDA:113,6,3,16
BRDA:121,7,0,1
BRDA:121,7,1,15
BRDA:122,8,0,1
BRDA:122,8,1,14
BRDA:124,9,0,3
BRDA:124,9,1,4
BRDA:124,9,2,5
BRDA:124,9,3,2
BRDA:124,9,4,5
BRDA:124,9,5,7
BRDA:124,9,6,2
BRDA:128,10,0,3
BRDA:128,10,1,2
BRDA:134,11,0,3
BRDA:134,11,1,4
BRDA:140,12,0,0
BRDA:140,12,1,4
BRDA:141,13,0,1
BRDA:141,13,1,3
BRF:41
BRH:39
end_of_record
TN:
SF:src/game/domain/pick-defendant.ts
FN:7,pickDefendant
FNF:1
FNH:1
FNDA:5,pickDefendant
DA:7,1
DA:8,5
DA:10,2
DA:12,3
LF:4
LH:4
BRDA:8,0,0,2
BRDA:8,0,1,3
BRF:2
BRH:2
end_of_record
TN:
SF:src/game/domain/resolve-night-actions.ts
FN:3,resolveNightActions
FN:14,(anonymous_1)
FN:49,(anonymous_2)
FN:56,(anonymous_3)
FNF:4
FNH:4
FNDA:17,resolveNightActions
FNDA:8,(anonymous_1)
FNDA:36,(anonymous_2)
FNDA:18,(anonymous_3)
DA:3,3
DA:6,17
DA:9,17
DA:10,17
DA:12,17
DA:13,6
DA:14,8
DA:16,6
DA:20,1
DA:21,1
DA:27,17
DA:28,17
DA:29,17
DA:30,11
DA:31,11
DA:32,9
DA:34,2
DA:35,2
DA:40,17
DA:41,17
DA:42,17
DA:43,3
DA:44,3
DA:48,17
DA:49,36
DA:53,17
DA:54,17
DA:55,4
DA:56,18
DA:58,4
DA:59,3
DA:67,17
LF:32
LH:32
BRDA:6,0,0,17
BRDA:6,0,1,11
BRDA:12,1,0,6
BRDA:12,1,1,11
BRDA:12,2,0,17
BRDA:12,2,1,8
BRDA:16,3,0,1
BRDA:16,3,1,5
BRDA:17,4,0,6
BRDA:17,4,1,2
BRDA:29,5,0,11
BRDA:29,5,1,6
BRDA:31,6,0,9
BRDA:31,6,1,2
BRDA:42,7,0,3
BRDA:42,7,1,14
BRDA:42,8,0,17
BRDA:42,8,1,11
BRDA:48,9,0,8
BRDA:48,9,1,9
BRDA:49,10,0,8
BRDA:49,10,1,1
BRDA:54,11,0,4
BRDA:54,11,1,13
BRDA:58,12,0,3
BRDA:58,12,1,1
BRF:26
BRH:26
end_of_record
TN:
SF:src/game/domain/tally-ox-votes.ts
FN:9,tallyOxVotes
FNF:1
FNH:1
FNDA:11,tallyOxVotes
DA:9,1
DA:10,11
DA:11,11
DA:12,11
DA:14,11
DA:15,11
DA:17,11
DA:18,36
DA:19,35
DA:21,33
DA:22,8
DA:26,11
DA:27,10
DA:30,11
DA:32,11
LF:15
LH:15
BRDA:18,0,0,1
BRDA:18,0,1,35
BRDA:19,1,0,2
BRDA:19,1,1,33
BRDA:21,2,0,25
BRDA:21,2,1,8
BRDA:26,3,0,10
BRDA:26,3,1,1
BRF:8
BRH:8
end_of_record
TN:
SF:src/game/domain/tally-votes.ts
FN:8,tallyVotes
FN:15,tallySelect
FN:51,tallyConfirm
FNF:3
FNH:3
FNDA:50,tallyVotes
FNDA:40,tallySelect
FNDA:10,tallyConfirm
DA:8,3
DA:9,50
DA:10,40
DA:12,10
DA:16,40
DA:17,40
DA:19,40
DA:20,30
DA:21,25
DA:22,25
DA:25,40
DA:26,30
DA:29,10
DA:30,10
DA:31,10
DA:32,15
DA:33,10
DA:34,10
DA:35,5
DA:36,4
DA:40,10
DA:41,3
DA:44,7
DA:58,10
DA:59,10
DA:60,37
DA:61,36
DA:65,10
DA:66,10
LF:29
LH:29
BRDA:9,0,0,40
BRDA:9,0,1,10
BRDA:20,1,0,5
BRDA:20,1,1,25
BRDA:21,2,0,25
BRDA:21,2,1,15
BRDA:25,3,0,30
BRDA:25,3,1,10
BRDA:32,4,0,10
BRDA:32,4,1,5
BRDA:35,5,0,4
BRDA:35,5,1,1
BRDA:40,6,0,3
BRDA:40,6,1,7
BRDA:60,7,0,1
BRDA:60,7,1,36
BRDA:61,8,0,21
BRDA:61,8,1,15
BRDA:69,9,0,4
BRDA:69,9,1,6
BRF:20
BRH:20
end_of_record
